<?xml version="1.0" encoding="UTF-8"?>
<testsuite hostname="Iaroslavas-MacBook-Pro.local" tests="1" failures="1" timestamp="24 Jul 2015 21:28:54 GMT" time="0.099" errors="0">
  <testcase name="testAlbumFailure" time="0.05" classname="TestAlbum">
    <failure type="java.lang.AssertionError" message="expected:&amp;lt;3&amp;gt; but was:&amp;lt;1&amp;gt;">
      <![CDATA[java.lang.AssertionError: expected:<3> but was:<1>
	at TestAlbum.testAlbumFailure(TestAlbum.java:37)
	at com.intellij.rt.execution.application.AppMain.main(AppMain.java:140)
... Removed 35 stack frames]]>
    </failure>
  </testcase>
</testsuite>
