<?xml version="1.0" encoding="UTF-8"?>
<testng-results skipped="0" failed="0" total="1" passed="1">
  <reporter-output>
  </reporter-output>
  <suite name="Suite3_remove" duration-ms="417" started-at="2015-07-25T16:01:23Z" finished-at="2015-07-25T16:01:24Z">
    <groups>
      <group name="remove">
        <method signature="TestAlbum.testAlbumRemove()" name="testAlbumRemove" class="TestAlbum"/>
      </group>
    </groups>
    <test name="test1" duration-ms="76" started-at="2015-07-25T16:01:23Z" finished-at="2015-07-25T16:01:23Z">
      <class name="TestAlbum">
        <test-method status="PASS" signature="testAlbumRemove()" name="testAlbumRemove" duration-ms="42" started-at="2015-07-25T16:01:23Z" finished-at="2015-07-25T16:01:23Z">
        </test-method>
      </class>
    </test>
    <test name="test2" duration-ms="1" started-at="2015-07-25T16:01:24Z" finished-at="2015-07-25T16:01:24Z">
    </test>
  </suite>
</testng-results>
